<?xml version="1.0" encoding="UTF-8"?>
<!-- Generated by org.testng.reporters.JUnitReportReporter -->
<testsuite hostname="DESKTOP-FJ7H3QO" failures="0" tests="1" name="com.mystore.Testcases.loginPage_Test" time="11.905" errors="0" timestamp="2024-12-29T10:23:37 IST" skipped="0">
  <testcase classname="com.mystore.Testcases.loginPage_Test" name="test" time="11.905"/>
</testsuite> <!-- com.mystore.Testcases.loginPage_Test -->
