<?xml version="1.0" encoding="UTF-8"?>
<!-- Generated by org.testng.reporters.JUnitReportReporter -->
<testsuite hostname="DESKTOP-FJ7H3QO" failures="0" tests="1" name="com.mystore.Testcases.homePage_Test" time="13.014" errors="0" timestamp="2025-04-06T20:11:24 IST" skipped="0">
  <testcase classname="com.mystore.Testcases.homePage_Test" name="homepage" time="13.014"/>
</testsuite> <!-- com.mystore.Testcases.homePage_Test -->
