<?xml version="1.0" encoding="UTF-8"?>
<!-- Generated by org.testng.reporters.JUnitReportReporter -->
<testsuite hostname="DESKTOP-FJ7H3QO" failures="0" tests="1" name="com.mystore.Testcases.addtoCart_Test" time="16.158" errors="0" timestamp="2025-04-06T20:11:24 IST" skipped="0">
  <testcase classname="com.mystore.Testcases.addtoCart_Test" name="test" time="16.158"/>
</testsuite> <!-- com.mystore.Testcases.addtoCart_Test -->
