<?xml version="1.0" encoding="UTF-8"?>
<!-- Generated by org.testng.reporters.JUnitReportReporter -->
<testsuite hostname="DESKTOP-FJ7H3QO" failures="0" tests="2" name="com.mystore.Testcases.loginPage_Test" time="24.486" errors="0" timestamp="2025-01-12T15:56:41 IST" skipped="0">
  <testcase classname="com.mystore.Testcases.loginPage_Test" name="test" time="6.290"/>
  <testcase classname="com.mystore.Testcases.loginPage_Test" name="test" time="18.196"/>
</testsuite> <!-- com.mystore.Testcases.loginPage_Test -->
