<?xml version="1.0" encoding="UTF-8"?>
<!-- Generated by org.testng.reporters.JUnitReportReporter -->
<testsuite hostname="DESKTOP-FJ7H3QO" failures="0" tests="2" name="com.mystore.Testcases.EndToEnd_Test" time="33.718" errors="0" timestamp="2025-01-12T16:04:22 IST" skipped="0">
  <testcase classname="com.mystore.Testcases.EndToEnd_Test" name="test" time="16.570"/>
  <testcase classname="com.mystore.Testcases.EndToEnd_Test" name="test" time="17.148"/>
</testsuite> <!-- com.mystore.Testcases.EndToEnd_Test -->
