<?xml version="1.0" encoding="UTF-8"?>
<!-- Generated by org.testng.reporters.JUnitReportReporter -->
<testsuite hostname="DESKTOP-FJ7H3QO" failures="0" tests="1" name="com.mystore.Testcases.EndToEnd_Test" time="23.550" errors="0" timestamp="2025-01-08T22:29:12 IST" skipped="0">
  <testcase classname="com.mystore.Testcases.EndToEnd_Test" name="test" time="23.550"/>
</testsuite> <!-- com.mystore.Testcases.EndToEnd_Test -->
