<?xml version="1.0" encoding="UTF-8"?>
<!-- Generated by org.testng.reporters.JUnitReportReporter -->
<testsuite hostname="DESKTOP-FJ7H3QO" failures="0" tests="2" name="com.mystore.Testcases.EndToEnd_Test" time="56.731" errors="0" timestamp="2025-04-06T20:11:24 IST" skipped="0">
  <testcase classname="com.mystore.Testcases.EndToEnd_Test" name="test" time="28.700"/>
  <testcase classname="com.mystore.Testcases.EndToEnd_Test" name="test" time="28.031"/>
</testsuite> <!-- com.mystore.Testcases.EndToEnd_Test -->
