<?xml version="1.0" encoding="UTF-8"?>
<!-- Generated by org.testng.reporters.JUnitReportReporter -->
<testsuite hostname="DESKTOP-FJ7H3QO" failures="0" tests="2" name="com.mystore.Testcases.loginPage_Test" time="16.944" errors="0" timestamp="2025-01-12T20:22:15 IST" skipped="0">
  <testcase classname="com.mystore.Testcases.loginPage_Test" name="test" time="7.951"/>
  <testcase classname="com.mystore.Testcases.loginPage_Test" name="test" time="8.993"/>
</testsuite> <!-- com.mystore.Testcases.loginPage_Test -->
