<?xml version="1.0" encoding="UTF-8"?>
<!-- Generated by org.testng.reporters.JUnitReportReporter -->
<testsuite hostname="DESKTOP-FJ7H3QO" failures="0" tests="1" name="com.mystore.Testcases.addtoCart_Test" time="9.451" errors="0" timestamp="2025-01-12T16:02:18 IST" skipped="0">
  <testcase classname="com.mystore.Testcases.addtoCart_Test" name="test" time="9.451"/>
</testsuite> <!-- com.mystore.Testcases.addtoCart_Test -->
